2025-03-19 13:58:20,325:WARNING:
'cuml' is a soft dependency and not included in the pycaret installation. Please run: `pip install cuml` to install.
2025-03-19 13:58:20,325:WARNING:
'cuml' is a soft dependency and not included in the pycaret installation. Please run: `pip install cuml` to install.
2025-03-19 13:58:20,325:WARNING:
'cuml' is a soft dependency and not included in the pycaret installation. Please run: `pip install cuml` to install.
2025-03-19 13:58:20,325:WARNING:
'cuml' is a soft dependency and not included in the pycaret installation. Please run: `pip install cuml` to install.
2025-03-19 16:51:56,974:WARNING:
'cuml' is a soft dependency and not included in the pycaret installation. Please run: `pip install cuml` to install.
2025-03-19 16:51:56,975:WARNING:
'cuml' is a soft dependency and not included in the pycaret installation. Please run: `pip install cuml` to install.
2025-03-19 16:51:56,975:WARNING:
'cuml' is a soft dependency and not included in the pycaret installation. Please run: `pip install cuml` to install.
2025-03-19 16:51:56,975:WARNING:
'cuml' is a soft dependency and not included in the pycaret installation. Please run: `pip install cuml` to install.
2025-03-19 17:07:37,188:WARNING:
'cuml' is a soft dependency and not included in the pycaret installation. Please run: `pip install cuml` to install.
2025-03-19 17:07:37,188:WARNING:
'cuml' is a soft dependency and not included in the pycaret installation. Please run: `pip install cuml` to install.
2025-03-19 17:07:37,188:WARNING:
'cuml' is a soft dependency and not included in the pycaret installation. Please run: `pip install cuml` to install.
2025-03-19 17:07:37,189:WARNING:
'cuml' is a soft dependency and not included in the pycaret installation. Please run: `pip install cuml` to install.
2025-03-19 17:08:55,277:WARNING:
'cuml' is a soft dependency and not included in the pycaret installation. Please run: `pip install cuml` to install.
2025-03-19 17:08:55,277:WARNING:
'cuml' is a soft dependency and not included in the pycaret installation. Please run: `pip install cuml` to install.
2025-03-19 17:08:55,277:WARNING:
'cuml' is a soft dependency and not included in the pycaret installation. Please run: `pip install cuml` to install.
2025-03-19 17:08:55,277:WARNING:
'cuml' is a soft dependency and not included in the pycaret installation. Please run: `pip install cuml` to install.
2025-03-19 17:12:23,173:WARNING:
'cuml' is a soft dependency and not included in the pycaret installation. Please run: `pip install cuml` to install.
2025-03-19 17:12:23,174:WARNING:
'cuml' is a soft dependency and not included in the pycaret installation. Please run: `pip install cuml` to install.
2025-03-19 17:12:23,174:WARNING:
'cuml' is a soft dependency and not included in the pycaret installation. Please run: `pip install cuml` to install.
2025-03-19 17:12:23,174:WARNING:
'cuml' is a soft dependency and not included in the pycaret installation. Please run: `pip install cuml` to install.
2025-03-19 17:28:28,805:WARNING:
'cuml' is a soft dependency and not included in the pycaret installation. Please run: `pip install cuml` to install.
2025-03-19 17:28:28,806:WARNING:
'cuml' is a soft dependency and not included in the pycaret installation. Please run: `pip install cuml` to install.
2025-03-19 17:28:28,806:WARNING:
'cuml' is a soft dependency and not included in the pycaret installation. Please run: `pip install cuml` to install.
2025-03-19 17:28:28,806:WARNING:
'cuml' is a soft dependency and not included in the pycaret installation. Please run: `pip install cuml` to install.
2025-03-19 17:30:48,623:WARNING:
'cuml' is a soft dependency and not included in the pycaret installation. Please run: `pip install cuml` to install.
2025-03-19 17:30:48,623:WARNING:
'cuml' is a soft dependency and not included in the pycaret installation. Please run: `pip install cuml` to install.
2025-03-19 17:30:48,623:WARNING:
'cuml' is a soft dependency and not included in the pycaret installation. Please run: `pip install cuml` to install.
2025-03-19 17:30:48,623:WARNING:
'cuml' is a soft dependency and not included in the pycaret installation. Please run: `pip install cuml` to install.
2025-03-19 17:34:10,083:WARNING:
'cuml' is a soft dependency and not included in the pycaret installation. Please run: `pip install cuml` to install.
2025-03-19 17:34:10,084:WARNING:
'cuml' is a soft dependency and not included in the pycaret installation. Please run: `pip install cuml` to install.
2025-03-19 17:34:10,084:WARNING:
'cuml' is a soft dependency and not included in the pycaret installation. Please run: `pip install cuml` to install.
2025-03-19 17:34:10,084:WARNING:
'cuml' is a soft dependency and not included in the pycaret installation. Please run: `pip install cuml` to install.
2025-03-19 17:34:34,756:WARNING:C:\Users\adevdas\AppData\Local\Programs\Python\Python311\Lib\site-packages\sklearn\model_selection\_validation.py:547: FitFailedWarning: 
70 fits failed out of a total of 140.
The score on these train-test partitions for these parameters will be set to nan.
If these failures are not expected, you can try to debug them by setting error_score='raise'.

Below are more details about the failures:
--------------------------------------------------------------------------------
70 fits failed with the following error:
Traceback (most recent call last):
  File "C:\Users\adevdas\AppData\Local\Programs\Python\Python311\Lib\site-packages\sklearn\model_selection\_validation.py", line 895, in _fit_and_score
    estimator.fit(X_train, y_train, **fit_params)
  File "C:\Users\adevdas\AppData\Local\Programs\Python\Python311\Lib\site-packages\sklearn\base.py", line 1474, in wrapper
    return fit_method(estimator, *args, **kwargs)
           ^^^^^^^^^^^^^^^^^^^^^^^^^^^^^^^^^^^^^^
  File "C:\Users\adevdas\AppData\Local\Programs\Python\Python311\Lib\site-packages\sklearn\linear_model\_logistic.py", line 1172, in fit
    solver = _check_solver(self.solver, self.penalty, self.dual)
             ^^^^^^^^^^^^^^^^^^^^^^^^^^^^^^^^^^^^^^^^^^^^^^^^^^^
  File "C:\Users\adevdas\AppData\Local\Programs\Python\Python311\Lib\site-packages\sklearn\linear_model\_logistic.py", line 67, in _check_solver
    raise ValueError(
ValueError: Solver lbfgs supports only 'l2' or None penalties, got l1 penalty.

  warnings.warn(some_fits_failed_message, FitFailedWarning)

2025-03-19 17:34:34,762:WARNING:C:\Users\adevdas\AppData\Local\Programs\Python\Python311\Lib\site-packages\sklearn\model_selection\_search.py:1051: UserWarning: One or more of the test scores are non-finite: [       nan 0.67413969        nan 0.71546786        nan 0.71855504
        nan 0.71886133        nan 0.71873385        nan 0.71873385
        nan 0.71873385]
  warnings.warn(

2025-03-19 17:37:02,690:WARNING:
'cuml' is a soft dependency and not included in the pycaret installation. Please run: `pip install cuml` to install.
2025-03-19 17:37:02,690:WARNING:
'cuml' is a soft dependency and not included in the pycaret installation. Please run: `pip install cuml` to install.
2025-03-19 17:37:02,690:WARNING:
'cuml' is a soft dependency and not included in the pycaret installation. Please run: `pip install cuml` to install.
2025-03-19 17:37:02,690:WARNING:
'cuml' is a soft dependency and not included in the pycaret installation. Please run: `pip install cuml` to install.
2025-03-19 17:37:24,446:WARNING:C:\Users\adevdas\AppData\Local\Programs\Python\Python311\Lib\site-packages\sklearn\model_selection\_validation.py:547: FitFailedWarning: 
70 fits failed out of a total of 140.
The score on these train-test partitions for these parameters will be set to nan.
If these failures are not expected, you can try to debug them by setting error_score='raise'.

Below are more details about the failures:
--------------------------------------------------------------------------------
70 fits failed with the following error:
Traceback (most recent call last):
  File "C:\Users\adevdas\AppData\Local\Programs\Python\Python311\Lib\site-packages\sklearn\model_selection\_validation.py", line 895, in _fit_and_score
    estimator.fit(X_train, y_train, **fit_params)
  File "C:\Users\adevdas\AppData\Local\Programs\Python\Python311\Lib\site-packages\sklearn\base.py", line 1474, in wrapper
    return fit_method(estimator, *args, **kwargs)
           ^^^^^^^^^^^^^^^^^^^^^^^^^^^^^^^^^^^^^^
  File "C:\Users\adevdas\AppData\Local\Programs\Python\Python311\Lib\site-packages\sklearn\linear_model\_logistic.py", line 1172, in fit
    solver = _check_solver(self.solver, self.penalty, self.dual)
             ^^^^^^^^^^^^^^^^^^^^^^^^^^^^^^^^^^^^^^^^^^^^^^^^^^^
  File "C:\Users\adevdas\AppData\Local\Programs\Python\Python311\Lib\site-packages\sklearn\linear_model\_logistic.py", line 67, in _check_solver
    raise ValueError(
ValueError: Solver lbfgs supports only 'l2' or None penalties, got l1 penalty.

  warnings.warn(some_fits_failed_message, FitFailedWarning)

2025-03-19 17:37:24,454:WARNING:C:\Users\adevdas\AppData\Local\Programs\Python\Python311\Lib\site-packages\sklearn\model_selection\_search.py:1051: UserWarning: One or more of the test scores are non-finite: [       nan 0.67413969        nan 0.71546786        nan 0.71855504
        nan 0.71886133        nan 0.71873385        nan 0.71873385
        nan 0.71873385]
  warnings.warn(

2025-03-19 17:46:33,901:WARNING:
'cuml' is a soft dependency and not included in the pycaret installation. Please run: `pip install cuml` to install.
2025-03-19 17:46:33,902:WARNING:
'cuml' is a soft dependency and not included in the pycaret installation. Please run: `pip install cuml` to install.
2025-03-19 17:46:33,902:WARNING:
'cuml' is a soft dependency and not included in the pycaret installation. Please run: `pip install cuml` to install.
2025-03-19 17:46:33,902:WARNING:
'cuml' is a soft dependency and not included in the pycaret installation. Please run: `pip install cuml` to install.
2025-03-19 17:46:57,884:WARNING:C:\Users\adevdas\AppData\Local\Programs\Python\Python311\Lib\site-packages\sklearn\model_selection\_validation.py:547: FitFailedWarning: 
70 fits failed out of a total of 140.
The score on these train-test partitions for these parameters will be set to nan.
If these failures are not expected, you can try to debug them by setting error_score='raise'.

Below are more details about the failures:
--------------------------------------------------------------------------------
70 fits failed with the following error:
Traceback (most recent call last):
  File "C:\Users\adevdas\AppData\Local\Programs\Python\Python311\Lib\site-packages\sklearn\model_selection\_validation.py", line 895, in _fit_and_score
    estimator.fit(X_train, y_train, **fit_params)
  File "C:\Users\adevdas\AppData\Local\Programs\Python\Python311\Lib\site-packages\sklearn\base.py", line 1474, in wrapper
    return fit_method(estimator, *args, **kwargs)
           ^^^^^^^^^^^^^^^^^^^^^^^^^^^^^^^^^^^^^^
  File "C:\Users\adevdas\AppData\Local\Programs\Python\Python311\Lib\site-packages\sklearn\linear_model\_logistic.py", line 1172, in fit
    solver = _check_solver(self.solver, self.penalty, self.dual)
             ^^^^^^^^^^^^^^^^^^^^^^^^^^^^^^^^^^^^^^^^^^^^^^^^^^^
  File "C:\Users\adevdas\AppData\Local\Programs\Python\Python311\Lib\site-packages\sklearn\linear_model\_logistic.py", line 67, in _check_solver
    raise ValueError(
ValueError: Solver lbfgs supports only 'l2' or None penalties, got l1 penalty.

  warnings.warn(some_fits_failed_message, FitFailedWarning)

2025-03-19 17:46:57,888:WARNING:C:\Users\adevdas\AppData\Local\Programs\Python\Python311\Lib\site-packages\sklearn\model_selection\_search.py:1051: UserWarning: One or more of the test scores are non-finite: [       nan 0.67413969        nan 0.71546786        nan 0.71855504
        nan 0.71886133        nan 0.71873385        nan 0.71873385
        nan 0.71873385]
  warnings.warn(

